2020-06-24 00:00:00,028 [nioEventLoopGroup-2-2] INFO  [org.fisco.bcos.channel.handler.ConnectionCallback] ConnectionCallback.java:167 -  channel protocol handshake success, set socket channel protocol, host: 129.204.20.87:20201, channel protocol: ChannelProtocol [protocol=3, nodeVersion=2.4.0, EnumProtocol=VERSION_3]
2020-06-24 00:00:00,054 [nioEventLoopGroup-2-2] INFO  [org.fisco.bcos.channel.handler.ConnectionCallback] ConnectionCallback.java:338 -  send update topic message request, seq: 39790334a764407f9cf88b5a742ad97d, content: ["_block_notify_1"]
2020-06-24 00:00:00,055 [nioEventLoopGroup-2-2] INFO  [org.fisco.bcos.channel.handler.ConnectionCallback] ConnectionCallback.java:370 -  query block number host: 129.204.20.87:20201, seq: 88abaec3a3ac43dba2d634037f977934, content: {"jsonrpc":"2.0","method":"getBlockNumber","params":[1],"id":15}
2020-06-24 00:00:00,787 [nioEventLoopGroup-2-2] INFO  [org.fisco.bcos.channel.handler.ConnectionCallback] ConnectionCallback.java:395 -  query blocknumer, host:129.204.20.87:20201, blockNumber: 54 
2020-06-24 00:00:01,710 [nioEventLoopGroup-2-2] INFO  [org.fisco.bcos.channel.client.Service] Service.java:1388 - Receive block notify: {"blockNumber":55,"groupID":1}

2020-06-24 00:02:07,362 [nioEventLoopGroup-2-2] INFO  [org.fisco.bcos.channel.client.Service] Service.java:1388 - Receive block notify: {"blockNumber":56,"groupID":1}

2020-06-24 00:03:37,515 [nioEventLoopGroup-2-2] INFO  [org.fisco.bcos.channel.client.Service] Service.java:1388 - Receive block notify: {"blockNumber":57,"groupID":1}

2020-06-24 00:05:40,024 [nioEventLoopGroup-2-2] INFO  [org.fisco.bcos.channel.client.Service] Service.java:1388 - Receive block notify: {"blockNumber":58,"groupID":1}

2020-06-24 00:08:05,000 [nioEventLoopGroup-2-2] INFO  [org.fisco.bcos.channel.client.Service] Service.java:1388 - Receive block notify: {"blockNumber":59,"groupID":1}

2020-06-24 00:08:38,889 [nioEventLoopGroup-2-2] INFO  [org.fisco.bcos.channel.client.Service] Service.java:1388 - Receive block notify: {"blockNumber":60,"groupID":1}

2020-06-24 00:08:41,484 [nioEventLoopGroup-2-2] INFO  [org.fisco.bcos.channel.client.Service] Service.java:1388 - Receive block notify: {"blockNumber":61,"groupID":1}

2020-06-24 00:09:59,085 [nioEventLoopGroup-2-2] INFO  [org.fisco.bcos.channel.client.Service] Service.java:1388 - Receive block notify: {"blockNumber":62,"groupID":1}

2020-06-24 00:10:43,937 [nioEventLoopGroup-2-2] INFO  [org.fisco.bcos.channel.client.Service] Service.java:1388 - Receive block notify: {"blockNumber":63,"groupID":1}

2020-06-24 00:15:38,663 [nioEventLoopGroup-2-2] INFO  [org.fisco.bcos.channel.client.Service] Service.java:1388 - Receive block notify: {"blockNumber":64,"groupID":1}

2020-06-24 00:16:14,600 [nioEventLoopGroup-2-2] INFO  [org.fisco.bcos.channel.client.Service] Service.java:1388 - Receive block notify: {"blockNumber":65,"groupID":1}

2020-06-24 00:17:03,813 [nioEventLoopGroup-2-2] INFO  [org.fisco.bcos.channel.client.Service] Service.java:1388 - Receive block notify: {"blockNumber":66,"groupID":1}

2020-06-24 00:17:09,567 [nioEventLoopGroup-2-2] INFO  [org.fisco.bcos.channel.client.Service] Service.java:1388 - Receive block notify: {"blockNumber":67,"groupID":1}

2020-06-24 00:18:11,935 [nioEventLoopGroup-2-2] INFO  [org.fisco.bcos.channel.client.Service] Service.java:1388 - Receive block notify: {"blockNumber":68,"groupID":1}

2020-06-24 00:18:25,527 [nioEventLoopGroup-2-2] INFO  [org.fisco.bcos.channel.client.Service] Service.java:1388 - Receive block notify: {"blockNumber":69,"groupID":1}

2020-06-24 00:18:31,119 [nioEventLoopGroup-2-2] INFO  [org.fisco.bcos.channel.client.Service] Service.java:1388 - Receive block notify: {"blockNumber":70,"groupID":1}

2020-06-24 00:20:27,588 [nioEventLoopGroup-2-2] INFO  [org.fisco.bcos.channel.client.Service] Service.java:1388 - Receive block notify: {"blockNumber":71,"groupID":1}

2020-06-24 00:21:32,548 [nioEventLoopGroup-2-2] INFO  [org.fisco.bcos.channel.client.Service] Service.java:1388 - Receive block notify: {"blockNumber":72,"groupID":1}

2020-06-24 00:21:47,476 [nioEventLoopGroup-2-2] INFO  [org.fisco.bcos.channel.client.Service] Service.java:1388 - Receive block notify: {"blockNumber":73,"groupID":1}

2020-06-24 06:06:53,345 [main] INFO  [org.fisco.bcos.Application] StartupInfoLogger.java:50 - Starting Application on LAPTOP-JJ85ABA7 with PID 3384 (E:\node\final(1)\final\spring-boot-starter-business\build\classes\java\main started by curryan in E:\node\final(1)\final\spring-boot-starter-business)
2020-06-24 06:06:53,349 [main] INFO  [org.fisco.bcos.Application] SpringApplication.java:675 - No active profile set, falling back to default profiles: default
2020-06-24 06:06:57,448 [main] INFO  [o.s.c.s.PostProcessorRegistrationDelegate$BeanPostProcessorChecker] PostProcessorRegistrationDelegate.java:330 - Bean 'org.springframework.transaction.annotation.ProxyTransactionManagementConfiguration' of type [org.springframework.transaction.annotation.ProxyTransactionManagementConfiguration$$EnhancerBySpringCGLIB$$1db014e4] is not eligible for getting processed by all BeanPostProcessors (for example: not eligible for auto-proxying)
2020-06-24 06:06:57,837 [main] INFO  [o.s.boot.web.embedded.tomcat.TomcatWebServer] TomcatWebServer.java:90 - Tomcat initialized with port(s): 9000 (http)
2020-06-24 06:06:57,854 [main] INFO  [org.apache.coyote.http11.Http11NioProtocol] DirectJDKLog.java:173 - Initializing ProtocolHandler ["http-nio-9000"]
2020-06-24 06:06:57,868 [main] INFO  [org.apache.catalina.core.StandardService] DirectJDKLog.java:173 - Starting service [Tomcat]
2020-06-24 06:06:57,868 [main] INFO  [org.apache.catalina.core.StandardEngine] DirectJDKLog.java:173 - Starting Servlet engine: [Apache Tomcat/9.0.17]
2020-06-24 06:06:58,154 [main] INFO  [o.a.c.core.ContainerBase.[Tomcat].[localhost].[/]] DirectJDKLog.java:173 - Initializing Spring embedded WebApplicationContext
2020-06-24 06:06:58,155 [main] INFO  [org.springframework.web.context.ContextLoader] ServletWebServerApplicationContext.java:296 - Root WebApplicationContext: initialization completed in 4723 ms
2020-06-24 06:07:00,125 [main] INFO  [org.fisco.bcos.autoconfigure.ServiceConfig] ServiceConfig.java:25 - agencyName : fisco
2020-06-24 06:07:00,136 [main] INFO  [org.fisco.bcos.channel.client.Service] Service.java:296 - set jdk.tls.namedGroups opt, value : secp256k1
2020-06-24 06:07:00,437 [main] INFO  [org.fisco.bcos.channel.handler.ChannelConnections] ChannelConnections.java:450 -  all connections: [ConnectionInfo{host='129.204.20.87', port=20201}]
2020-06-24 06:07:02,548 [nioEventLoopGroup-2-1] INFO  [org.fisco.bcos.channel.handler.ChannelHandler] ChannelHandler.java:45 -  handshake success, host: 129.204.20.87, port: 20201, ctx: 1812042167
2020-06-24 06:07:02,549 [nioEventLoopGroup-2-1] INFO  [org.fisco.bcos.channel.handler.ConnectionCallback] ConnectionCallback.java:91 -  connect 129.204.20.87:20201 success, ctx: 1812042167
2020-06-24 06:07:02,618 [nioEventLoopGroup-2-1] INFO  [org.fisco.bcos.channel.handler.ConnectionCallback] ConnectionCallback.java:207 -  query node version host: 129.204.20.87:20201, seq: bfa567ed8edb445bb2486d27668b94e2, content: {"jsonrpc":"2.0","method":"getClientVersion","params":[],"id":0}
2020-06-24 06:07:02,897 [nioEventLoopGroup-2-1] INFO  [org.fisco.bcos.channel.handler.ConnectionCallback] ConnectionCallback.java:258 -  node: Version [buildTime=20200430 03:22:53, buildType=Linux/clang/Release, chainID=1, version=2.4.0, gitBranch=HEAD, gitCommit=0d94de1e0f2dc7ce7d226dbd68001a4b43029cf6, supportedVersion=2.4.0], content: {"id":0,"jsonrpc":"2.0","result":{"Build Time":"20200430 03:22:53","Build Type":"Linux/clang/Release","Chain Id":"1","FISCO-BCOS Version":"2.4.0","Git Branch":"HEAD","Git Commit Hash":"0d94de1e0f2dc7ce7d226dbd68001a4b43029cf6","Supported Version":"2.4.0"}}

2020-06-24 06:07:02,899 [nioEventLoopGroup-2-1] INFO  [org.fisco.bcos.channel.handler.ConnectionCallback] ConnectionCallback.java:267 -  support channel handshake node: Version [buildTime=20200430 03:22:53, buildType=Linux/clang/Release, chainID=1, version=2.4.0, gitBranch=HEAD, gitCommit=0d94de1e0f2dc7ce7d226dbd68001a4b43029cf6, supportedVersion=2.4.0], content: {"id":0,"jsonrpc":"2.0","result":{"Build Time":"20200430 03:22:53","Build Type":"Linux/clang/Release","Chain Id":"1","FISCO-BCOS Version":"2.4.0","Git Branch":"HEAD","Git Commit Hash":"0d94de1e0f2dc7ce7d226dbd68001a4b43029cf6","Supported Version":"2.4.0"}}

2020-06-24 06:07:02,918 [nioEventLoopGroup-2-1] INFO  [org.fisco.bcos.channel.handler.ConnectionCallback] ConnectionCallback.java:167 -  channel protocol handshake success, set socket channel protocol, host: 129.204.20.87:20201, channel protocol: ChannelProtocol [protocol=3, nodeVersion=2.4.0, EnumProtocol=VERSION_3]
2020-06-24 06:07:02,921 [main] INFO  [org.fisco.bcos.channel.client.Service] Service.java:373 -  Connect to  nodes: [129.204.20.87:20201] ,groupId: 1 ,caCert: class path resource [ca.crt] ,sslKey: class path resource [sdk.key] ,sslCert: class path resource [sdk.crt] ,java version: 1.8.0_91 ,java vendor: Oracle Corporation
2020-06-24 06:07:02,929 [nioEventLoopGroup-2-1] INFO  [org.fisco.bcos.channel.handler.ConnectionCallback] ConnectionCallback.java:338 -  send update topic message request, seq: c718f742fc3640109a9d7eb1289b9350, content: ["_block_notify_1"]
2020-06-24 06:07:02,933 [nioEventLoopGroup-2-1] INFO  [org.fisco.bcos.channel.handler.ConnectionCallback] ConnectionCallback.java:370 -  query block number host: 129.204.20.87:20201, seq: faf3bc5710404d68b9fef463a4ef18db, content: {"jsonrpc":"2.0","method":"getBlockNumber","params":[1],"id":1}
2020-06-24 06:07:02,949 [nioEventLoopGroup-2-1] INFO  [org.fisco.bcos.channel.handler.ConnectionCallback] ConnectionCallback.java:395 -  query blocknumer, host:129.204.20.87:20201, blockNumber: 75 
2020-06-24 06:07:02,993 [main] INFO  [org.fisco.bcos.autoconfigure.AccountConfig] AccountConfig.java:62 - pem accounts : 0xcdcce60801c0a2e6bb534322c32ae528b9dec8d2.pem
2020-06-24 06:07:03,846 [main] INFO  [org.fisco.bcos.web3j.utils.Async] Async.java:19 -  default set setExeutor , pool size is 50
2020-06-24 06:07:03,847 [main] INFO  [org.fisco.bcos.web3j.utils.Async] Async.java:81 -  set setExeutor because executor null, executor is java.util.concurrent.ThreadPoolExecutor@4a47bc9c[Running, pool size = 0, active threads = 0, queued tasks = 0, completed tasks = 0]
2020-06-24 06:07:03,946 [nioEventLoopGroup-2-1] INFO  [org.fisco.bcos.channel.client.Service] Service.java:1388 - Receive block notify: {"blockNumber":76,"groupID":1}

2020-06-24 06:07:04,605 [main] INFO  [o.s.scheduling.concurrent.ThreadPoolTaskExecutor] ExecutorConfigurationSupport.java:171 - Initializing ExecutorService 'applicationTaskExecutor'
2020-06-24 06:07:04,902 [main] WARN  [o.s.b.a.g.template.GroovyTemplateAutoConfiguration] GroovyTemplateAutoConfiguration.java:93 - Cannot find template location: classpath:/templates/ (please add some templates, check your Groovy configuration, or set spring.groovy.template.check-template-location=false)
2020-06-24 06:07:05,111 [main] INFO  [o.s.b.actuate.endpoint.web.EndpointLinksResolver] EndpointLinksResolver.java:59 - Exposing 2 endpoint(s) beneath base path '/actuator'
2020-06-24 06:07:05,169 [main] INFO  [org.apache.coyote.http11.Http11NioProtocol] DirectJDKLog.java:173 - Starting ProtocolHandler ["http-nio-9000"]
2020-06-24 06:07:05,190 [main] INFO  [o.s.boot.web.embedded.tomcat.TomcatWebServer] TomcatWebServer.java:204 - Tomcat started on port(s): 9000 (http) with context path ''
2020-06-24 06:07:05,195 [main] INFO  [org.fisco.bcos.Application] StartupInfoLogger.java:59 - Started Application in 12.887 seconds (JVM running for 16.013)
2020-06-24 06:07:07,825 [nioEventLoopGroup-2-1] INFO  [org.fisco.bcos.channel.client.Service] Service.java:1388 - Receive block notify: {"blockNumber":77,"groupID":1}

2020-06-24 06:07:07,946 [RMI TCP Connection(6)-192.168.6.1] INFO  [com.zaxxer.hikari.HikariDataSource] HikariDataSource.java:110 - HikariPool-1 - Starting...
2020-06-24 06:07:07,948 [RMI TCP Connection(6)-192.168.6.1] WARN  [com.zaxxer.hikari.util.DriverDataSource] DriverDataSource.java:68 - Registered driver with driverClassName=com.mysql.jdbc.Driver was not found, trying direct instantiation.
2020-06-24 06:07:07,948 [RMI TCP Connection(5)-192.168.6.1] INFO  [o.a.c.core.ContainerBase.[Tomcat].[localhost].[/]] DirectJDKLog.java:173 - Initializing Spring DispatcherServlet 'dispatcherServlet'
2020-06-24 06:07:07,948 [RMI TCP Connection(5)-192.168.6.1] INFO  [org.springframework.web.servlet.DispatcherServlet] FrameworkServlet.java:524 - Initializing Servlet 'dispatcherServlet'
2020-06-24 06:07:07,958 [RMI TCP Connection(5)-192.168.6.1] INFO  [org.springframework.web.servlet.DispatcherServlet] FrameworkServlet.java:546 - Completed initialization in 9 ms
2020-06-24 06:07:08,049 [RMI TCP Connection(6)-192.168.6.1] INFO  [com.zaxxer.hikari.HikariDataSource] HikariDataSource.java:123 - HikariPool-1 - Start completed.
2020-06-24 06:10:26,687 [nioEventLoopGroup-2-1] INFO  [org.fisco.bcos.channel.client.Service] Service.java:1388 - Receive block notify: {"blockNumber":78,"groupID":1}

2020-06-24 06:16:04,051 [nioEventLoopGroup-2-1] INFO  [org.fisco.bcos.channel.client.Service] Service.java:1388 - Receive block notify: {"blockNumber":79,"groupID":1}

2020-06-24 06:16:06,363 [nioEventLoopGroup-2-1] INFO  [org.fisco.bcos.channel.client.Service] Service.java:1388 - Receive block notify: {"blockNumber":80,"groupID":1}

2020-06-24 06:16:08,367 [nioEventLoopGroup-2-1] INFO  [org.fisco.bcos.channel.client.Service] Service.java:1388 - Receive block notify: {"blockNumber":81,"groupID":1}

2020-06-24 06:17:05,826 [nioEventLoopGroup-2-1] INFO  [org.fisco.bcos.channel.client.Service] Service.java:1388 - Receive block notify: {"blockNumber":82,"groupID":1}

2020-06-24 06:19:28,042 [main] INFO  [org.fisco.bcos.Application] StartupInfoLogger.java:50 - Starting Application on LAPTOP-JJ85ABA7 with PID 19856 (E:\node\final(1)\final\spring-boot-starter-business\build\classes\java\main started by curryan in E:\node\final(1)\final\spring-boot-starter-business)
2020-06-24 06:19:28,045 [main] INFO  [org.fisco.bcos.Application] SpringApplication.java:675 - No active profile set, falling back to default profiles: default
2020-06-24 06:19:30,394 [main] INFO  [o.s.c.s.PostProcessorRegistrationDelegate$BeanPostProcessorChecker] PostProcessorRegistrationDelegate.java:330 - Bean 'org.springframework.transaction.annotation.ProxyTransactionManagementConfiguration' of type [org.springframework.transaction.annotation.ProxyTransactionManagementConfiguration$$EnhancerBySpringCGLIB$$75fd2045] is not eligible for getting processed by all BeanPostProcessors (for example: not eligible for auto-proxying)
2020-06-24 06:19:30,712 [main] INFO  [o.s.boot.web.embedded.tomcat.TomcatWebServer] TomcatWebServer.java:90 - Tomcat initialized with port(s): 9000 (http)
2020-06-24 06:19:30,728 [main] INFO  [org.apache.coyote.http11.Http11NioProtocol] DirectJDKLog.java:173 - Initializing ProtocolHandler ["http-nio-9000"]
2020-06-24 06:19:30,739 [main] INFO  [org.apache.catalina.core.StandardService] DirectJDKLog.java:173 - Starting service [Tomcat]
2020-06-24 06:19:30,740 [main] INFO  [org.apache.catalina.core.StandardEngine] DirectJDKLog.java:173 - Starting Servlet engine: [Apache Tomcat/9.0.17]
2020-06-24 06:19:30,969 [main] INFO  [o.a.c.core.ContainerBase.[Tomcat].[localhost].[/]] DirectJDKLog.java:173 - Initializing Spring embedded WebApplicationContext
2020-06-24 06:19:30,970 [main] INFO  [org.springframework.web.context.ContextLoader] ServletWebServerApplicationContext.java:296 - Root WebApplicationContext: initialization completed in 2873 ms
2020-06-24 06:19:31,700 [main] INFO  [org.fisco.bcos.autoconfigure.ServiceConfig] ServiceConfig.java:25 - agencyName : fisco
2020-06-24 06:19:31,709 [main] INFO  [org.fisco.bcos.channel.client.Service] Service.java:296 - set jdk.tls.namedGroups opt, value : secp256k1
2020-06-24 06:19:31,915 [main] INFO  [org.fisco.bcos.channel.handler.ChannelConnections] ChannelConnections.java:450 -  all connections: [ConnectionInfo{host='129.204.20.87', port=20201}]
2020-06-24 06:19:36,086 [nioEventLoopGroup-2-1] INFO  [org.fisco.bcos.channel.handler.ChannelHandler] ChannelHandler.java:45 -  handshake success, host: 129.204.20.87, port: 20201, ctx: 895639576
2020-06-24 06:19:36,087 [nioEventLoopGroup-2-1] INFO  [org.fisco.bcos.channel.handler.ConnectionCallback] ConnectionCallback.java:91 -  connect 129.204.20.87:20201 success, ctx: 895639576
2020-06-24 06:19:36,143 [nioEventLoopGroup-2-1] INFO  [org.fisco.bcos.channel.handler.ConnectionCallback] ConnectionCallback.java:207 -  query node version host: 129.204.20.87:20201, seq: 17a1e68bd2184195bd56ced470c8c418, content: {"jsonrpc":"2.0","method":"getClientVersion","params":[],"id":0}
2020-06-24 06:19:36,191 [nioEventLoopGroup-2-1] INFO  [org.fisco.bcos.channel.handler.ConnectionCallback] ConnectionCallback.java:258 -  node: Version [buildTime=20200430 03:22:53, buildType=Linux/clang/Release, chainID=1, version=2.4.0, gitBranch=HEAD, gitCommit=0d94de1e0f2dc7ce7d226dbd68001a4b43029cf6, supportedVersion=2.4.0], content: {"id":0,"jsonrpc":"2.0","result":{"Build Time":"20200430 03:22:53","Build Type":"Linux/clang/Release","Chain Id":"1","FISCO-BCOS Version":"2.4.0","Git Branch":"HEAD","Git Commit Hash":"0d94de1e0f2dc7ce7d226dbd68001a4b43029cf6","Supported Version":"2.4.0"}}

2020-06-24 06:19:36,193 [nioEventLoopGroup-2-1] INFO  [org.fisco.bcos.channel.handler.ConnectionCallback] ConnectionCallback.java:267 -  support channel handshake node: Version [buildTime=20200430 03:22:53, buildType=Linux/clang/Release, chainID=1, version=2.4.0, gitBranch=HEAD, gitCommit=0d94de1e0f2dc7ce7d226dbd68001a4b43029cf6, supportedVersion=2.4.0], content: {"id":0,"jsonrpc":"2.0","result":{"Build Time":"20200430 03:22:53","Build Type":"Linux/clang/Release","Chain Id":"1","FISCO-BCOS Version":"2.4.0","Git Branch":"HEAD","Git Commit Hash":"0d94de1e0f2dc7ce7d226dbd68001a4b43029cf6","Supported Version":"2.4.0"}}

2020-06-24 06:19:36,213 [nioEventLoopGroup-2-1] INFO  [org.fisco.bcos.channel.handler.ConnectionCallback] ConnectionCallback.java:167 -  channel protocol handshake success, set socket channel protocol, host: 129.204.20.87:20201, channel protocol: ChannelProtocol [protocol=3, nodeVersion=2.4.0, EnumProtocol=VERSION_3]
2020-06-24 06:19:36,217 [main] INFO  [org.fisco.bcos.channel.client.Service] Service.java:373 -  Connect to  nodes: [129.204.20.87:20201] ,groupId: 1 ,caCert: class path resource [ca.crt] ,sslKey: class path resource [sdk.key] ,sslCert: class path resource [sdk.crt] ,java version: 1.8.0_91 ,java vendor: Oracle Corporation
2020-06-24 06:19:36,224 [nioEventLoopGroup-2-1] INFO  [org.fisco.bcos.channel.handler.ConnectionCallback] ConnectionCallback.java:338 -  send update topic message request, seq: 41c30978f32e450b9a861728dd458dbb, content: ["_block_notify_1"]
2020-06-24 06:19:36,226 [nioEventLoopGroup-2-1] INFO  [org.fisco.bcos.channel.handler.ConnectionCallback] ConnectionCallback.java:370 -  query block number host: 129.204.20.87:20201, seq: f2e41a75db474c02b3fabbed7c934b1a, content: {"jsonrpc":"2.0","method":"getBlockNumber","params":[1],"id":1}
2020-06-24 06:19:36,244 [nioEventLoopGroup-2-1] INFO  [org.fisco.bcos.channel.handler.ConnectionCallback] ConnectionCallback.java:395 -  query blocknumer, host:129.204.20.87:20201, blockNumber: 82 
2020-06-24 06:19:36,269 [main] INFO  [org.fisco.bcos.autoconfigure.AccountConfig] AccountConfig.java:62 - pem accounts : 0xcdcce60801c0a2e6bb534322c32ae528b9dec8d2.pem
2020-06-24 06:19:37,078 [main] INFO  [org.fisco.bcos.web3j.utils.Async] Async.java:19 -  default set setExeutor , pool size is 50
2020-06-24 06:19:37,078 [main] INFO  [org.fisco.bcos.web3j.utils.Async] Async.java:81 -  set setExeutor because executor null, executor is java.util.concurrent.ThreadPoolExecutor@77ec9fdb[Running, pool size = 0, active threads = 0, queued tasks = 0, completed tasks = 0]
2020-06-24 06:19:37,181 [nioEventLoopGroup-2-1] INFO  [org.fisco.bcos.channel.client.Service] Service.java:1388 - Receive block notify: {"blockNumber":83,"groupID":1}

2020-06-24 06:19:37,582 [main] INFO  [o.s.scheduling.concurrent.ThreadPoolTaskExecutor] ExecutorConfigurationSupport.java:171 - Initializing ExecutorService 'applicationTaskExecutor'
2020-06-24 06:19:37,795 [main] WARN  [o.s.b.a.g.template.GroovyTemplateAutoConfiguration] GroovyTemplateAutoConfiguration.java:93 - Cannot find template location: classpath:/templates/ (please add some templates, check your Groovy configuration, or set spring.groovy.template.check-template-location=false)
2020-06-24 06:19:37,945 [main] INFO  [o.s.b.actuate.endpoint.web.EndpointLinksResolver] EndpointLinksResolver.java:59 - Exposing 2 endpoint(s) beneath base path '/actuator'
2020-06-24 06:19:37,983 [main] INFO  [org.apache.coyote.http11.Http11NioProtocol] DirectJDKLog.java:173 - Starting ProtocolHandler ["http-nio-9000"]
2020-06-24 06:19:37,999 [main] INFO  [o.s.boot.web.embedded.tomcat.TomcatWebServer] TomcatWebServer.java:204 - Tomcat started on port(s): 9000 (http) with context path ''
2020-06-24 06:19:38,002 [main] INFO  [org.fisco.bcos.Application] StartupInfoLogger.java:59 - Started Application in 10.78 seconds (JVM running for 14.136)
2020-06-24 06:19:38,828 [RMI TCP Connection(3)-192.168.6.1] INFO  [com.zaxxer.hikari.HikariDataSource] HikariDataSource.java:110 - HikariPool-1 - Starting...
2020-06-24 06:19:38,830 [RMI TCP Connection(3)-192.168.6.1] WARN  [com.zaxxer.hikari.util.DriverDataSource] DriverDataSource.java:68 - Registered driver with driverClassName=com.mysql.jdbc.Driver was not found, trying direct instantiation.
2020-06-24 06:19:38,831 [RMI TCP Connection(4)-192.168.6.1] INFO  [o.a.c.core.ContainerBase.[Tomcat].[localhost].[/]] DirectJDKLog.java:173 - Initializing Spring DispatcherServlet 'dispatcherServlet'
2020-06-24 06:19:38,831 [RMI TCP Connection(4)-192.168.6.1] INFO  [org.springframework.web.servlet.DispatcherServlet] FrameworkServlet.java:524 - Initializing Servlet 'dispatcherServlet'
2020-06-24 06:19:38,840 [RMI TCP Connection(4)-192.168.6.1] INFO  [org.springframework.web.servlet.DispatcherServlet] FrameworkServlet.java:546 - Completed initialization in 9 ms
2020-06-24 06:19:38,921 [RMI TCP Connection(3)-192.168.6.1] INFO  [com.zaxxer.hikari.HikariDataSource] HikariDataSource.java:123 - HikariPool-1 - Start completed.
2020-06-24 06:23:28,485 [nioEventLoopGroup-2-1] INFO  [org.fisco.bcos.channel.client.Service] Service.java:1388 - Receive block notify: {"blockNumber":84,"groupID":1}

2020-06-24 06:23:45,214 [nioEventLoopGroup-2-1] INFO  [org.fisco.bcos.channel.client.Service] Service.java:1388 - Receive block notify: {"blockNumber":85,"groupID":1}

2020-06-24 06:24:59,275 [nioEventLoopGroup-2-1] INFO  [org.fisco.bcos.channel.client.Service] Service.java:1388 - Receive block notify: {"blockNumber":86,"groupID":1}

2020-06-24 07:49:12,593 [http-nio-9000-exec-2] WARN  [org.apache.catalina.connector.Request] DirectJDKLog.java:173 - Creating the temporary upload location [C:\Users\curryan\AppData\Local\Temp\tomcat.8087001725035253195.9000\work\Tomcat\localhost\ROOT] as it is required by the servlet [dispatcherServlet]
2020-06-24 07:53:53,999 [nioEventLoopGroup-2-1] INFO  [org.fisco.bcos.channel.client.Service] Service.java:1388 - Receive block notify: {"blockNumber":87,"groupID":1}

2020-06-24 07:55:40,189 [nioEventLoopGroup-2-1] INFO  [org.fisco.bcos.channel.client.Service] Service.java:1388 - Receive block notify: {"blockNumber":88,"groupID":1}

2020-06-24 07:55:44,730 [nioEventLoopGroup-2-1] INFO  [org.fisco.bcos.channel.client.Service] Service.java:1388 - Receive block notify: {"blockNumber":89,"groupID":1}

2020-06-24 07:55:49,275 [nioEventLoopGroup-2-1] INFO  [org.fisco.bcos.channel.client.Service] Service.java:1388 - Receive block notify: {"blockNumber":90,"groupID":1}

2020-06-24 07:57:45,720 [nioEventLoopGroup-2-1] INFO  [org.fisco.bcos.channel.client.Service] Service.java:1388 - Receive block notify: {"blockNumber":91,"groupID":1}

2020-06-24 07:57:57,360 [nioEventLoopGroup-2-1] INFO  [org.fisco.bcos.channel.client.Service] Service.java:1388 - Receive block notify: {"blockNumber":92,"groupID":1}

2020-06-24 07:57:59,406 [nioEventLoopGroup-2-1] INFO  [org.fisco.bcos.channel.client.Service] Service.java:1388 - Receive block notify: {"blockNumber":93,"groupID":1}

2020-06-24 07:58:04,952 [nioEventLoopGroup-2-1] INFO  [org.fisco.bcos.channel.client.Service] Service.java:1388 - Receive block notify: {"blockNumber":94,"groupID":1}

2020-06-24 08:01:48,126 [nioEventLoopGroup-2-1] INFO  [org.fisco.bcos.channel.client.Service] Service.java:1388 - Receive block notify: {"blockNumber":95,"groupID":1}

2020-06-24 08:02:40,002 [nioEventLoopGroup-2-1] INFO  [org.fisco.bcos.channel.client.Service] Service.java:1388 - Receive block notify: {"blockNumber":96,"groupID":1}

2020-06-24 08:02:42,783 [nioEventLoopGroup-2-1] INFO  [org.fisco.bcos.channel.client.Service] Service.java:1388 - Receive block notify: {"blockNumber":97,"groupID":1}

2020-06-24 08:10:20,169 [nioEventLoopGroup-2-1] INFO  [org.fisco.bcos.channel.client.Service] Service.java:1388 - Receive block notify: {"blockNumber":98,"groupID":1}

2020-06-24 08:11:27,314 [nioEventLoopGroup-2-1] INFO  [org.fisco.bcos.channel.client.Service] Service.java:1388 - Receive block notify: {"blockNumber":99,"groupID":1}

2020-06-24 08:12:25,309 [nioEventLoopGroup-2-1] INFO  [org.fisco.bcos.channel.client.Service] Service.java:1388 - Receive block notify: {"blockNumber":100,"groupID":1}

2020-06-24 08:12:30,912 [nioEventLoopGroup-2-1] INFO  [org.fisco.bcos.channel.client.Service] Service.java:1388 - Receive block notify: {"blockNumber":101,"groupID":1}

2020-06-24 08:12:42,582 [nioEventLoopGroup-2-1] INFO  [org.fisco.bcos.channel.client.Service] Service.java:1388 - Receive block notify: {"blockNumber":102,"groupID":1}

2020-06-24 08:13:12,299 [nioEventLoopGroup-2-1] INFO  [org.fisco.bcos.channel.client.Service] Service.java:1388 - Receive block notify: {"blockNumber":103,"groupID":1}

2020-06-24 08:14:24,410 [nioEventLoopGroup-2-1] INFO  [org.fisco.bcos.channel.client.Service] Service.java:1388 - Receive block notify: {"blockNumber":104,"groupID":1}

2020-06-24 08:15:26,501 [nioEventLoopGroup-2-1] INFO  [org.fisco.bcos.channel.client.Service] Service.java:1388 - Receive block notify: {"blockNumber":105,"groupID":1}

2020-06-24 08:15:32,340 [nioEventLoopGroup-2-1] INFO  [org.fisco.bcos.channel.client.Service] Service.java:1388 - Receive block notify: {"blockNumber":106,"groupID":1}

2020-06-24 08:15:40,840 [nioEventLoopGroup-2-1] INFO  [org.fisco.bcos.channel.client.Service] Service.java:1388 - Receive block notify: {"blockNumber":107,"groupID":1}

2020-06-24 08:16:45,133 [nioEventLoopGroup-2-1] INFO  [org.fisco.bcos.channel.client.Service] Service.java:1388 - Receive block notify: {"blockNumber":108,"groupID":1}

2020-06-24 08:18:29,663 [nioEventLoopGroup-2-1] INFO  [org.fisco.bcos.channel.client.Service] Service.java:1388 - Receive block notify: {"blockNumber":109,"groupID":1}

2020-06-24 08:19:31,859 [nioEventLoopGroup-2-1] INFO  [org.fisco.bcos.channel.client.Service] Service.java:1388 - Receive block notify: {"blockNumber":110,"groupID":1}

2020-06-24 08:19:38,185 [nioEventLoopGroup-2-1] INFO  [org.fisco.bcos.channel.client.Service] Service.java:1388 - Receive block notify: {"blockNumber":111,"groupID":1}

2020-06-24 08:19:48,931 [nioEventLoopGroup-2-1] INFO  [org.fisco.bcos.channel.client.Service] Service.java:1388 - Receive block notify: {"blockNumber":112,"groupID":1}

2020-06-24 08:19:57,790 [nioEventLoopGroup-2-1] INFO  [org.fisco.bcos.channel.client.Service] Service.java:1388 - Receive block notify: {"blockNumber":113,"groupID":1}

2020-06-24 08:20:33,558 [nioEventLoopGroup-2-1] INFO  [org.fisco.bcos.channel.client.Service] Service.java:1388 - Receive block notify: {"blockNumber":114,"groupID":1}

2020-06-24 08:21:45,716 [nioEventLoopGroup-2-1] INFO  [org.fisco.bcos.channel.client.Service] Service.java:1388 - Receive block notify: {"blockNumber":115,"groupID":1}

2020-06-24 08:22:39,095 [nioEventLoopGroup-2-1] INFO  [org.fisco.bcos.channel.client.Service] Service.java:1388 - Receive block notify: {"blockNumber":116,"groupID":1}

2020-06-24 08:22:44,674 [nioEventLoopGroup-2-1] INFO  [org.fisco.bcos.channel.client.Service] Service.java:1388 - Receive block notify: {"blockNumber":117,"groupID":1}

2020-06-24 08:22:52,646 [nioEventLoopGroup-2-1] INFO  [org.fisco.bcos.channel.client.Service] Service.java:1388 - Receive block notify: {"blockNumber":118,"groupID":1}

2020-06-24 08:37:19,790 [nioEventLoopGroup-2-1] INFO  [org.fisco.bcos.channel.client.Service] Service.java:1388 - Receive block notify: {"blockNumber":119,"groupID":1}

2020-06-24 08:37:22,584 [nioEventLoopGroup-2-1] INFO  [org.fisco.bcos.channel.client.Service] Service.java:1388 - Receive block notify: {"blockNumber":120,"groupID":1}

2020-06-24 08:39:46,102 [nioEventLoopGroup-2-1] INFO  [org.fisco.bcos.channel.client.Service] Service.java:1388 - Receive block notify: {"blockNumber":121,"groupID":1}

2020-06-24 08:39:48,663 [nioEventLoopGroup-2-1] INFO  [org.fisco.bcos.channel.client.Service] Service.java:1388 - Receive block notify: {"blockNumber":122,"groupID":1}

2020-06-24 08:44:31,477 [nioEventLoopGroup-2-1] INFO  [org.fisco.bcos.channel.client.Service] Service.java:1388 - Receive block notify: {"blockNumber":123,"groupID":1}

2020-06-24 08:44:34,501 [nioEventLoopGroup-2-1] INFO  [org.fisco.bcos.channel.client.Service] Service.java:1388 - Receive block notify: {"blockNumber":124,"groupID":1}

2020-06-24 08:44:46,121 [nioEventLoopGroup-2-1] INFO  [org.fisco.bcos.channel.client.Service] Service.java:1388 - Receive block notify: {"blockNumber":125,"groupID":1}

2020-06-24 08:50:54,874 [nioEventLoopGroup-2-1] INFO  [org.fisco.bcos.channel.client.Service] Service.java:1388 - Receive block notify: {"blockNumber":126,"groupID":1}

2020-06-24 08:50:56,569 [nioEventLoopGroup-2-1] INFO  [org.fisco.bcos.channel.client.Service] Service.java:1388 - Receive block notify: {"blockNumber":127,"groupID":1}

2020-06-24 08:57:42,978 [nioEventLoopGroup-2-1] INFO  [org.fisco.bcos.channel.client.Service] Service.java:1388 - Receive block notify: {"blockNumber":128,"groupID":1}

2020-06-24 08:58:29,230 [nioEventLoopGroup-2-1] INFO  [org.fisco.bcos.channel.client.Service] Service.java:1388 - Receive block notify: {"blockNumber":129,"groupID":1}

2020-06-24 08:58:38,929 [nioEventLoopGroup-2-1] INFO  [org.fisco.bcos.channel.client.Service] Service.java:1388 - Receive block notify: {"blockNumber":130,"groupID":1}

2020-06-24 08:58:46,895 [nioEventLoopGroup-2-1] INFO  [org.fisco.bcos.channel.client.Service] Service.java:1388 - Receive block notify: {"blockNumber":131,"groupID":1}

2020-06-24 09:03:47,763 [nioEventLoopGroup-2-1] INFO  [org.fisco.bcos.channel.handler.ChannelHandler] ChannelHandler.java:77 -  ssl close completion event, host: 129.204.20.87, port: 20201, ctx: 895639576 
2020-06-24 09:03:56,464 [nioEventLoopGroup-2-2] INFO  [org.fisco.bcos.channel.handler.ChannelHandler] ChannelHandler.java:45 -  handshake success, host: 129.204.20.87, port: 20201, ctx: 1458486207
2020-06-24 09:03:56,464 [nioEventLoopGroup-2-2] INFO  [org.fisco.bcos.channel.handler.ConnectionCallback] ConnectionCallback.java:91 -  connect 129.204.20.87:20201 success, ctx: 1458486207
2020-06-24 09:03:56,465 [nioEventLoopGroup-2-2] INFO  [org.fisco.bcos.channel.handler.ConnectionCallback] ConnectionCallback.java:207 -  query node version host: 129.204.20.87:20201, seq: 823d863e2f0f4683bd1fe26e4eda5c1e, content: {"jsonrpc":"2.0","method":"getClientVersion","params":[],"id":42}
2020-06-24 09:03:56,563 [nioEventLoopGroup-2-2] INFO  [org.fisco.bcos.channel.handler.ConnectionCallback] ConnectionCallback.java:258 -  node: Version [buildTime=20200430 03:22:53, buildType=Linux/clang/Release, chainID=1, version=2.4.0, gitBranch=HEAD, gitCommit=0d94de1e0f2dc7ce7d226dbd68001a4b43029cf6, supportedVersion=2.4.0], content: {"id":42,"jsonrpc":"2.0","result":{"Build Time":"20200430 03:22:53","Build Type":"Linux/clang/Release","Chain Id":"1","FISCO-BCOS Version":"2.4.0","Git Branch":"HEAD","Git Commit Hash":"0d94de1e0f2dc7ce7d226dbd68001a4b43029cf6","Supported Version":"2.4.0"}}

2020-06-24 09:03:56,566 [nioEventLoopGroup-2-2] INFO  [org.fisco.bcos.channel.handler.ConnectionCallback] ConnectionCallback.java:267 -  support channel handshake node: Version [buildTime=20200430 03:22:53, buildType=Linux/clang/Release, chainID=1, version=2.4.0, gitBranch=HEAD, gitCommit=0d94de1e0f2dc7ce7d226dbd68001a4b43029cf6, supportedVersion=2.4.0], content: {"id":42,"jsonrpc":"2.0","result":{"Build Time":"20200430 03:22:53","Build Type":"Linux/clang/Release","Chain Id":"1","FISCO-BCOS Version":"2.4.0","Git Branch":"HEAD","Git Commit Hash":"0d94de1e0f2dc7ce7d226dbd68001a4b43029cf6","Supported Version":"2.4.0"}}

2020-06-24 09:03:56,587 [nioEventLoopGroup-2-2] INFO  [org.fisco.bcos.channel.handler.ConnectionCallback] ConnectionCallback.java:167 -  channel protocol handshake success, set socket channel protocol, host: 129.204.20.87:20201, channel protocol: ChannelProtocol [protocol=3, nodeVersion=2.4.0, EnumProtocol=VERSION_3]
2020-06-24 09:03:56,592 [nioEventLoopGroup-2-2] INFO  [org.fisco.bcos.channel.handler.ConnectionCallback] ConnectionCallback.java:338 -  send update topic message request, seq: f67040ccf14645368f49df0a903cefa1, content: ["_block_notify_1"]
2020-06-24 09:03:56,592 [nioEventLoopGroup-2-2] INFO  [org.fisco.bcos.channel.handler.ConnectionCallback] ConnectionCallback.java:370 -  query block number host: 129.204.20.87:20201, seq: 28ec3e26e17a48a58aa52205ce9f5893, content: {"jsonrpc":"2.0","method":"getBlockNumber","params":[1],"id":43}
2020-06-24 09:03:56,682 [nioEventLoopGroup-2-2] INFO  [org.fisco.bcos.channel.handler.ConnectionCallback] ConnectionCallback.java:395 -  query blocknumer, host:129.204.20.87:20201, blockNumber: 131 
2020-06-24 09:03:59,791 [nioEventLoopGroup-2-2] INFO  [org.fisco.bcos.channel.client.Service] Service.java:1388 - Receive block notify: {"blockNumber":132,"groupID":1}

2020-06-24 09:04:47,297 [nioEventLoopGroup-2-2] INFO  [org.fisco.bcos.channel.client.Service] Service.java:1388 - Receive block notify: {"blockNumber":133,"groupID":1}

2020-06-24 09:04:55,162 [nioEventLoopGroup-2-2] INFO  [org.fisco.bcos.channel.client.Service] Service.java:1388 - Receive block notify: {"blockNumber":134,"groupID":1}

2020-06-24 09:05:01,555 [nioEventLoopGroup-2-2] INFO  [org.fisco.bcos.channel.client.Service] Service.java:1388 - Receive block notify: {"blockNumber":135,"groupID":1}

2020-06-24 10:43:58,595 [main] INFO  [org.fisco.bcos.Application] StartupInfoLogger.java:50 - Starting Application on LAPTOP-JJ85ABA7 with PID 16248 (E:\node\final(1)\final\spring-boot-starter-business\build\classes\java\main started by curryan in E:\node\final(1)\final\spring-boot-starter-business)
2020-06-24 10:43:58,622 [main] INFO  [org.fisco.bcos.Application] SpringApplication.java:675 - No active profile set, falling back to default profiles: default
2020-06-24 10:44:01,723 [main] INFO  [o.s.c.s.PostProcessorRegistrationDelegate$BeanPostProcessorChecker] PostProcessorRegistrationDelegate.java:330 - Bean 'org.springframework.transaction.annotation.ProxyTransactionManagementConfiguration' of type [org.springframework.transaction.annotation.ProxyTransactionManagementConfiguration$$EnhancerBySpringCGLIB$$b138086b] is not eligible for getting processed by all BeanPostProcessors (for example: not eligible for auto-proxying)
2020-06-24 10:44:02,486 [main] INFO  [o.s.boot.web.embedded.tomcat.TomcatWebServer] TomcatWebServer.java:90 - Tomcat initialized with port(s): 9000 (http)
2020-06-24 10:44:02,505 [main] INFO  [org.apache.coyote.http11.Http11NioProtocol] DirectJDKLog.java:173 - Initializing ProtocolHandler ["http-nio-9000"]
2020-06-24 10:44:02,522 [main] INFO  [org.apache.catalina.core.StandardService] DirectJDKLog.java:173 - Starting service [Tomcat]
2020-06-24 10:44:02,523 [main] INFO  [org.apache.catalina.core.StandardEngine] DirectJDKLog.java:173 - Starting Servlet engine: [Apache Tomcat/9.0.17]
2020-06-24 10:44:02,884 [main] INFO  [o.a.c.core.ContainerBase.[Tomcat].[localhost].[/]] DirectJDKLog.java:173 - Initializing Spring embedded WebApplicationContext
2020-06-24 10:44:02,884 [main] INFO  [org.springframework.web.context.ContextLoader] ServletWebServerApplicationContext.java:296 - Root WebApplicationContext: initialization completed in 4186 ms
2020-06-24 10:44:04,129 [main] INFO  [org.fisco.bcos.autoconfigure.ServiceConfig] ServiceConfig.java:25 - agencyName : fisco
2020-06-24 10:44:04,138 [main] INFO  [org.fisco.bcos.channel.client.Service] Service.java:296 - set jdk.tls.namedGroups opt, value : secp256k1
2020-06-24 10:44:04,648 [main] INFO  [org.fisco.bcos.channel.handler.ChannelConnections] ChannelConnections.java:450 -  all connections: [ConnectionInfo{host='129.204.20.87', port=20201}]
2020-06-24 10:44:06,953 [nioEventLoopGroup-2-1] INFO  [org.fisco.bcos.channel.handler.ChannelHandler] ChannelHandler.java:45 -  handshake success, host: 129.204.20.87, port: 20201, ctx: 776944049
2020-06-24 10:44:06,954 [nioEventLoopGroup-2-1] INFO  [org.fisco.bcos.channel.handler.ConnectionCallback] ConnectionCallback.java:91 -  connect 129.204.20.87:20201 success, ctx: 776944049
2020-06-24 10:44:07,014 [nioEventLoopGroup-2-1] INFO  [org.fisco.bcos.channel.handler.ConnectionCallback] ConnectionCallback.java:207 -  query node version host: 129.204.20.87:20201, seq: b769f4eedcc8424f8889dbc9508d764e, content: {"jsonrpc":"2.0","method":"getClientVersion","params":[],"id":0}
2020-06-24 10:44:07,059 [nioEventLoopGroup-2-1] INFO  [org.fisco.bcos.channel.handler.ConnectionCallback] ConnectionCallback.java:258 -  node: Version [buildTime=20200430 03:22:53, buildType=Linux/clang/Release, chainID=1, version=2.4.0, gitBranch=HEAD, gitCommit=0d94de1e0f2dc7ce7d226dbd68001a4b43029cf6, supportedVersion=2.4.0], content: {"id":0,"jsonrpc":"2.0","result":{"Build Time":"20200430 03:22:53","Build Type":"Linux/clang/Release","Chain Id":"1","FISCO-BCOS Version":"2.4.0","Git Branch":"HEAD","Git Commit Hash":"0d94de1e0f2dc7ce7d226dbd68001a4b43029cf6","Supported Version":"2.4.0"}}

2020-06-24 10:44:07,060 [nioEventLoopGroup-2-1] INFO  [org.fisco.bcos.channel.handler.ConnectionCallback] ConnectionCallback.java:267 -  support channel handshake node: Version [buildTime=20200430 03:22:53, buildType=Linux/clang/Release, chainID=1, version=2.4.0, gitBranch=HEAD, gitCommit=0d94de1e0f2dc7ce7d226dbd68001a4b43029cf6, supportedVersion=2.4.0], content: {"id":0,"jsonrpc":"2.0","result":{"Build Time":"20200430 03:22:53","Build Type":"Linux/clang/Release","Chain Id":"1","FISCO-BCOS Version":"2.4.0","Git Branch":"HEAD","Git Commit Hash":"0d94de1e0f2dc7ce7d226dbd68001a4b43029cf6","Supported Version":"2.4.0"}}

2020-06-24 10:44:07,076 [nioEventLoopGroup-2-1] INFO  [org.fisco.bcos.channel.handler.ConnectionCallback] ConnectionCallback.java:167 -  channel protocol handshake success, set socket channel protocol, host: 129.204.20.87:20201, channel protocol: ChannelProtocol [protocol=3, nodeVersion=2.4.0, EnumProtocol=VERSION_3]
2020-06-24 10:44:07,080 [main] INFO  [org.fisco.bcos.channel.client.Service] Service.java:373 -  Connect to  nodes: [129.204.20.87:20201] ,groupId: 1 ,caCert: class path resource [ca.crt] ,sslKey: class path resource [sdk.key] ,sslCert: class path resource [sdk.crt] ,java version: 1.8.0_91 ,java vendor: Oracle Corporation
2020-06-24 10:44:07,086 [nioEventLoopGroup-2-1] INFO  [org.fisco.bcos.channel.handler.ConnectionCallback] ConnectionCallback.java:338 -  send update topic message request, seq: 45ac57f830fd43eb8db87f0d93320c93, content: ["_block_notify_1"]
2020-06-24 10:44:07,088 [nioEventLoopGroup-2-1] INFO  [org.fisco.bcos.channel.handler.ConnectionCallback] ConnectionCallback.java:370 -  query block number host: 129.204.20.87:20201, seq: 2a08a678e83e41dfa08494426556e677, content: {"jsonrpc":"2.0","method":"getBlockNumber","params":[1],"id":1}
2020-06-24 10:44:07,102 [nioEventLoopGroup-2-1] INFO  [org.fisco.bcos.channel.handler.ConnectionCallback] ConnectionCallback.java:395 -  query blocknumer, host:129.204.20.87:20201, blockNumber: 136 
2020-06-24 10:44:07,137 [main] INFO  [org.fisco.bcos.autoconfigure.AccountConfig] AccountConfig.java:62 - pem accounts : 0xcdcce60801c0a2e6bb534322c32ae528b9dec8d2.pem
2020-06-24 10:44:07,715 [main] INFO  [org.fisco.bcos.web3j.utils.Async] Async.java:19 -  default set setExeutor , pool size is 50
2020-06-24 10:44:07,715 [main] INFO  [org.fisco.bcos.web3j.utils.Async] Async.java:81 -  set setExeutor because executor null, executor is java.util.concurrent.ThreadPoolExecutor@5f5923ef[Running, pool size = 0, active threads = 0, queued tasks = 0, completed tasks = 0]
2020-06-24 10:44:07,826 [nioEventLoopGroup-2-1] INFO  [org.fisco.bcos.channel.client.Service] Service.java:1388 - Receive block notify: {"blockNumber":137,"groupID":1}

2020-06-24 10:44:08,561 [main] INFO  [o.s.scheduling.concurrent.ThreadPoolTaskExecutor] ExecutorConfigurationSupport.java:171 - Initializing ExecutorService 'applicationTaskExecutor'
2020-06-24 10:44:08,798 [main] WARN  [o.s.b.a.g.template.GroovyTemplateAutoConfiguration] GroovyTemplateAutoConfiguration.java:93 - Cannot find template location: classpath:/templates/ (please add some templates, check your Groovy configuration, or set spring.groovy.template.check-template-location=false)
2020-06-24 10:44:08,966 [main] INFO  [o.s.b.actuate.endpoint.web.EndpointLinksResolver] EndpointLinksResolver.java:59 - Exposing 2 endpoint(s) beneath base path '/actuator'
2020-06-24 10:44:09,009 [main] INFO  [org.apache.coyote.http11.Http11NioProtocol] DirectJDKLog.java:173 - Starting ProtocolHandler ["http-nio-9000"]
2020-06-24 10:44:09,026 [main] INFO  [o.s.boot.web.embedded.tomcat.TomcatWebServer] TomcatWebServer.java:204 - Tomcat started on port(s): 9000 (http) with context path ''
2020-06-24 10:44:09,030 [main] INFO  [org.fisco.bcos.Application] StartupInfoLogger.java:59 - Started Application in 11.516 seconds (JVM running for 15.21)
2020-06-24 10:44:11,095 [RMI TCP Connection(9)-192.168.6.1] INFO  [com.zaxxer.hikari.HikariDataSource] HikariDataSource.java:110 - HikariPool-1 - Starting...
2020-06-24 10:44:11,096 [RMI TCP Connection(8)-192.168.6.1] INFO  [o.a.c.core.ContainerBase.[Tomcat].[localhost].[/]] DirectJDKLog.java:173 - Initializing Spring DispatcherServlet 'dispatcherServlet'
2020-06-24 10:44:11,096 [RMI TCP Connection(8)-192.168.6.1] INFO  [org.springframework.web.servlet.DispatcherServlet] FrameworkServlet.java:524 - Initializing Servlet 'dispatcherServlet'
2020-06-24 10:44:11,097 [RMI TCP Connection(9)-192.168.6.1] WARN  [com.zaxxer.hikari.util.DriverDataSource] DriverDataSource.java:68 - Registered driver with driverClassName=com.mysql.jdbc.Driver was not found, trying direct instantiation.
2020-06-24 10:44:11,106 [RMI TCP Connection(8)-192.168.6.1] INFO  [org.springframework.web.servlet.DispatcherServlet] FrameworkServlet.java:546 - Completed initialization in 10 ms
2020-06-24 10:44:11,316 [RMI TCP Connection(9)-192.168.6.1] INFO  [com.zaxxer.hikari.HikariDataSource] HikariDataSource.java:123 - HikariPool-1 - Start completed.
2020-06-24 11:17:11,599 [nioEventLoopGroup-2-1] INFO  [org.fisco.bcos.channel.client.Service] Service.java:1388 - Receive block notify: {"blockNumber":138,"groupID":1}

2020-06-24 13:20:42,322 [nioEventLoopGroup-2-1] INFO  [org.fisco.bcos.channel.client.Service] Service.java:1388 - Receive block notify: {"blockNumber":139,"groupID":1}

2020-06-24 13:20:58,019 [nioEventLoopGroup-2-1] INFO  [org.fisco.bcos.channel.client.Service] Service.java:1388 - Receive block notify: {"blockNumber":140,"groupID":1}

2020-06-24 13:21:34,828 [nioEventLoopGroup-2-1] INFO  [org.fisco.bcos.channel.client.Service] Service.java:1388 - Receive block notify: {"blockNumber":141,"groupID":1}

2020-06-24 13:24:37,838 [nioEventLoopGroup-2-1] INFO  [org.fisco.bcos.channel.client.Service] Service.java:1388 - Receive block notify: {"blockNumber":142,"groupID":1}

2020-06-24 13:24:55,516 [nioEventLoopGroup-2-1] INFO  [org.fisco.bcos.channel.client.Service] Service.java:1388 - Receive block notify: {"blockNumber":143,"groupID":1}

2020-06-24 13:25:37,647 [nioEventLoopGroup-2-1] INFO  [org.fisco.bcos.channel.client.Service] Service.java:1388 - Receive block notify: {"blockNumber":144,"groupID":1}

2020-06-24 13:26:17,603 [nioEventLoopGroup-2-1] INFO  [org.fisco.bcos.channel.client.Service] Service.java:1388 - Receive block notify: {"blockNumber":145,"groupID":1}

2020-06-24 13:33:16,186 [nioEventLoopGroup-2-1] INFO  [org.fisco.bcos.channel.client.Service] Service.java:1388 - Receive block notify: {"blockNumber":146,"groupID":1}

2020-06-24 13:37:55,865 [nioEventLoopGroup-2-1] INFO  [org.fisco.bcos.channel.client.Service] Service.java:1388 - Receive block notify: {"blockNumber":147,"groupID":1}

2020-06-24 13:58:34,571 [nioEventLoopGroup-2-1] INFO  [org.fisco.bcos.channel.client.Service] Service.java:1388 - Receive block notify: {"blockNumber":148,"groupID":1}

2020-06-24 13:59:10,516 [nioEventLoopGroup-2-1] INFO  [org.fisco.bcos.channel.client.Service] Service.java:1388 - Receive block notify: {"blockNumber":149,"groupID":1}

2020-06-24 14:19:31,688 [nioEventLoopGroup-2-1] INFO  [org.fisco.bcos.channel.client.Service] Service.java:1388 - Receive block notify: {"blockNumber":150,"groupID":1}

2020-06-24 14:19:35,239 [nioEventLoopGroup-2-1] INFO  [org.fisco.bcos.channel.client.Service] Service.java:1388 - Receive block notify: {"blockNumber":151,"groupID":1}

2020-06-24 14:19:55,999 [nioEventLoopGroup-2-1] INFO  [org.fisco.bcos.channel.client.Service] Service.java:1388 - Receive block notify: {"blockNumber":152,"groupID":1}

2020-06-24 14:20:15,673 [nioEventLoopGroup-2-1] INFO  [org.fisco.bcos.channel.client.Service] Service.java:1388 - Receive block notify: {"blockNumber":153,"groupID":1}

2020-06-24 14:20:34,713 [nioEventLoopGroup-2-1] INFO  [org.fisco.bcos.channel.client.Service] Service.java:1388 - Receive block notify: {"blockNumber":154,"groupID":1}

2020-06-24 20:59:38,721 [main] INFO  [org.fisco.bcos.Application] StartupInfoLogger.java:50 - Starting Application on DESKTOP-RI4L4M0 with PID 3892 (started by pig-cabbage in C:\Users\pig-cabbage\Desktop\fisco-bcos\fisco-bcos\后端\spring-boot-starter-business)
2020-06-24 20:59:38,748 [main] INFO  [org.fisco.bcos.Application] SpringApplication.java:675 - No active profile set, falling back to default profiles: default
2020-06-24 20:59:49,951 [main] INFO  [o.s.c.s.PostProcessorRegistrationDelegate$BeanPostProcessorChecker] PostProcessorRegistrationDelegate.java:330 - Bean 'org.springframework.transaction.annotation.ProxyTransactionManagementConfiguration' of type [org.springframework.transaction.annotation.ProxyTransactionManagementConfiguration$$EnhancerBySpringCGLIB$$f5f4f40f] is not eligible for getting processed by all BeanPostProcessors (for example: not eligible for auto-proxying)
2020-06-24 20:59:52,896 [main] INFO  [o.s.boot.web.embedded.tomcat.TomcatWebServer] TomcatWebServer.java:90 - Tomcat initialized with port(s): 9000 (http)
2020-06-24 20:59:52,951 [main] INFO  [org.apache.coyote.http11.Http11NioProtocol] DirectJDKLog.java:173 - Initializing ProtocolHandler ["http-nio-9000"]
2020-06-24 20:59:53,000 [main] INFO  [org.apache.catalina.core.StandardService] DirectJDKLog.java:173 - Starting service [Tomcat]
2020-06-24 20:59:53,001 [main] INFO  [org.apache.catalina.core.StandardEngine] DirectJDKLog.java:173 - Starting Servlet engine: [Apache Tomcat/9.0.17]
2020-06-24 20:59:53,033 [main] INFO  [org.apache.catalina.core.AprLifecycleListener] DirectJDKLog.java:173 - Loaded APR based Apache Tomcat Native library [1.2.23] using APR version [1.7.0].
2020-06-24 20:59:53,034 [main] INFO  [org.apache.catalina.core.AprLifecycleListener] DirectJDKLog.java:173 - APR capabilities: IPv6 [true], sendfile [true], accept filters [false], random [true].
2020-06-24 20:59:53,035 [main] INFO  [org.apache.catalina.core.AprLifecycleListener] DirectJDKLog.java:173 - APR/OpenSSL configuration: useAprConnector [false], useOpenSSL [true]
2020-06-24 20:59:53,057 [main] INFO  [org.apache.catalina.core.AprLifecycleListener] DirectJDKLog.java:173 - OpenSSL successfully initialized [OpenSSL 1.1.1c  28 May 2019]
2020-06-24 20:59:53,739 [main] INFO  [o.a.c.core.ContainerBase.[Tomcat].[localhost].[/]] DirectJDKLog.java:173 - Initializing Spring embedded WebApplicationContext
2020-06-24 20:59:53,740 [main] INFO  [org.springframework.web.context.ContextLoader] ServletWebServerApplicationContext.java:296 - Root WebApplicationContext: initialization completed in 14530 ms
2020-06-24 20:59:59,571 [main] INFO  [org.fisco.bcos.autoconfigure.ServiceConfig] ServiceConfig.java:25 - agencyName : bussiness
2020-06-24 20:59:59,600 [main] INFO  [org.fisco.bcos.channel.client.Service] Service.java:296 - set jdk.tls.namedGroups opt, value : secp256k1
2020-06-24 21:00:02,168 [main] INFO  [org.fisco.bcos.channel.handler.ChannelConnections] ChannelConnections.java:450 -  all connections: [ConnectionInfo{host='129.204.20.87', port=20202}, ConnectionInfo{host='129.204.20.87', port=20203}]
2020-06-24 21:00:08,055 [nioEventLoopGroup-2-2] INFO  [org.fisco.bcos.channel.handler.ChannelHandler] ChannelHandler.java:77 -  ssl close completion event, host: 129.204.20.87, port: 20203, ctx: 1527843665 
2020-06-24 21:00:08,055 [nioEventLoopGroup-2-1] INFO  [org.fisco.bcos.channel.handler.ChannelHandler] ChannelHandler.java:77 -  ssl close completion event, host: 129.204.20.87, port: 20202, ctx: 414211881 
2020-06-24 21:00:08,093 [main] WARN  [o.s.b.w.s.c.AnnotationConfigServletWebServerApplicationContext] AbstractApplicationContext.java:557 - Exception encountered during context initialization - cancelling refresh attempt: org.springframework.beans.factory.UnsatisfiedDependencyException: Error creating bean with name 'businessController': Unsatisfied dependency expressed through field 'jiFunService'; nested exception is org.springframework.beans.factory.UnsatisfiedDependencyException: Error creating bean with name 'jiFunService': Unsatisfied dependency expressed through field 'web3j'; nested exception is org.springframework.beans.factory.BeanCreationException: Error creating bean with name 'getWeb3j' defined in class path resource [org/fisco/bcos/autoconfigure/Web3jConfig.class]: Bean instantiation via factory method failed; nested exception is org.springframework.beans.BeanInstantiationException: Failed to instantiate [org.fisco.bcos.web3j.protocol.Web3j]: Factory method 'getWeb3j' threw exception; nested exception is java.lang.RuntimeException:  Failed to connect to nodes: [ ssl handshake failed:/129.204.20.87:20202,  ssl handshake failed:/129.204.20.87:20203]
2020-06-24 21:00:08,113 [main] INFO  [org.apache.catalina.core.StandardService] DirectJDKLog.java:173 - Stopping service [Tomcat]
2020-06-24 21:00:08,381 [main] INFO  [o.s.b.a.l.ConditionEvaluationReportLoggingListener] ConditionEvaluationReportLoggingListener.java:142 - 

Error starting ApplicationContext. To display the conditions report re-run your application with 'debug' enabled.
2020-06-24 21:03:30,071 [main] INFO  [org.fisco.bcos.Application] StartupInfoLogger.java:50 - Starting Application on DESKTOP-RI4L4M0 with PID 11384 (started by pig-cabbage in C:\Users\pig-cabbage\Desktop\fisco-bcos\fisco-bcos\后端\spring-boot-starter-business)
2020-06-24 21:03:30,079 [main] INFO  [org.fisco.bcos.Application] SpringApplication.java:675 - No active profile set, falling back to default profiles: default
2020-06-24 21:03:37,260 [main] INFO  [o.s.c.s.PostProcessorRegistrationDelegate$BeanPostProcessorChecker] PostProcessorRegistrationDelegate.java:330 - Bean 'org.springframework.transaction.annotation.ProxyTransactionManagementConfiguration' of type [org.springframework.transaction.annotation.ProxyTransactionManagementConfiguration$$EnhancerBySpringCGLIB$$1009342] is not eligible for getting processed by all BeanPostProcessors (for example: not eligible for auto-proxying)
2020-06-24 21:03:39,070 [main] INFO  [o.s.boot.web.embedded.tomcat.TomcatWebServer] TomcatWebServer.java:90 - Tomcat initialized with port(s): 9000 (http)
2020-06-24 21:03:39,115 [main] INFO  [org.apache.coyote.http11.Http11NioProtocol] DirectJDKLog.java:173 - Initializing ProtocolHandler ["http-nio-9000"]
2020-06-24 21:03:39,154 [main] INFO  [org.apache.catalina.core.StandardService] DirectJDKLog.java:173 - Starting service [Tomcat]
2020-06-24 21:03:39,155 [main] INFO  [org.apache.catalina.core.StandardEngine] DirectJDKLog.java:173 - Starting Servlet engine: [Apache Tomcat/9.0.17]
2020-06-24 21:03:39,180 [main] INFO  [org.apache.catalina.core.AprLifecycleListener] DirectJDKLog.java:173 - Loaded APR based Apache Tomcat Native library [1.2.23] using APR version [1.7.0].
2020-06-24 21:03:39,182 [main] INFO  [org.apache.catalina.core.AprLifecycleListener] DirectJDKLog.java:173 - APR capabilities: IPv6 [true], sendfile [true], accept filters [false], random [true].
2020-06-24 21:03:39,182 [main] INFO  [org.apache.catalina.core.AprLifecycleListener] DirectJDKLog.java:173 - APR/OpenSSL configuration: useAprConnector [false], useOpenSSL [true]
2020-06-24 21:03:39,190 [main] INFO  [org.apache.catalina.core.AprLifecycleListener] DirectJDKLog.java:173 - OpenSSL successfully initialized [OpenSSL 1.1.1c  28 May 2019]
2020-06-24 21:03:39,931 [main] INFO  [o.a.c.core.ContainerBase.[Tomcat].[localhost].[/]] DirectJDKLog.java:173 - Initializing Spring embedded WebApplicationContext
2020-06-24 21:03:39,935 [main] INFO  [org.springframework.web.context.ContextLoader] ServletWebServerApplicationContext.java:296 - Root WebApplicationContext: initialization completed in 9444 ms
2020-06-24 21:03:44,152 [main] INFO  [org.fisco.bcos.autoconfigure.ServiceConfig] ServiceConfig.java:25 - agencyName : bussiness
2020-06-24 21:03:44,197 [main] INFO  [org.fisco.bcos.channel.client.Service] Service.java:296 - set jdk.tls.namedGroups opt, value : secp256k1
2020-06-24 21:03:45,271 [main] INFO  [org.fisco.bcos.channel.handler.ChannelConnections] ChannelConnections.java:450 -  all connections: [ConnectionInfo{host='129.204.20.87', port=20202}, ConnectionInfo{host='129.204.20.87', port=20203}]
2020-06-24 21:03:48,161 [nioEventLoopGroup-2-2] INFO  [org.fisco.bcos.channel.handler.ChannelHandler] ChannelHandler.java:45 -  handshake success, host: 129.204.20.87, port: 20203, ctx: 32365958
2020-06-24 21:03:48,164 [nioEventLoopGroup-2-2] INFO  [org.fisco.bcos.channel.handler.ConnectionCallback] ConnectionCallback.java:91 -  connect 129.204.20.87:20203 success, ctx: 32365958
2020-06-24 21:03:48,689 [nioEventLoopGroup-2-1] INFO  [org.fisco.bcos.channel.handler.ChannelHandler] ChannelHandler.java:45 -  handshake success, host: 129.204.20.87, port: 20202, ctx: 626533097
2020-06-24 21:03:48,692 [nioEventLoopGroup-2-1] INFO  [org.fisco.bcos.channel.handler.ConnectionCallback] ConnectionCallback.java:91 -  connect 129.204.20.87:20202 success, ctx: 626533097
2020-06-24 21:03:48,844 [nioEventLoopGroup-2-1] INFO  [org.fisco.bcos.channel.handler.ConnectionCallback] ConnectionCallback.java:207 -  query node version host: 129.204.20.87:20202, seq: b3e02bd14ae441cfa83e35143f42593f, content: {"jsonrpc":"2.0","method":"getClientVersion","params":[],"id":1}
2020-06-24 21:03:48,844 [nioEventLoopGroup-2-2] INFO  [org.fisco.bcos.channel.handler.ConnectionCallback] ConnectionCallback.java:207 -  query node version host: 129.204.20.87:20203, seq: f861db593fde4ae4b47840e94f03a3f8, content: {"jsonrpc":"2.0","method":"getClientVersion","params":[],"id":0}
2020-06-24 21:03:49,010 [nioEventLoopGroup-2-2] INFO  [org.fisco.bcos.channel.handler.ConnectionCallback] ConnectionCallback.java:258 -  node: Version [buildTime=20200430 03:22:53, buildType=Linux/clang/Release, chainID=1, version=2.4.0, gitBranch=HEAD, gitCommit=0d94de1e0f2dc7ce7d226dbd68001a4b43029cf6, supportedVersion=2.4.0], content: {"id":0,"jsonrpc":"2.0","result":{"Build Time":"20200430 03:22:53","Build Type":"Linux/clang/Release","Chain Id":"1","FISCO-BCOS Version":"2.4.0","Git Branch":"HEAD","Git Commit Hash":"0d94de1e0f2dc7ce7d226dbd68001a4b43029cf6","Supported Version":"2.4.0"}}

2020-06-24 21:03:49,013 [nioEventLoopGroup-2-2] INFO  [org.fisco.bcos.channel.handler.ConnectionCallback] ConnectionCallback.java:267 -  support channel handshake node: Version [buildTime=20200430 03:22:53, buildType=Linux/clang/Release, chainID=1, version=2.4.0, gitBranch=HEAD, gitCommit=0d94de1e0f2dc7ce7d226dbd68001a4b43029cf6, supportedVersion=2.4.0], content: {"id":0,"jsonrpc":"2.0","result":{"Build Time":"20200430 03:22:53","Build Type":"Linux/clang/Release","Chain Id":"1","FISCO-BCOS Version":"2.4.0","Git Branch":"HEAD","Git Commit Hash":"0d94de1e0f2dc7ce7d226dbd68001a4b43029cf6","Supported Version":"2.4.0"}}

2020-06-24 21:03:49,039 [nioEventLoopGroup-2-1] INFO  [org.fisco.bcos.channel.handler.ConnectionCallback] ConnectionCallback.java:258 -  node: Version [buildTime=20200430 03:22:53, buildType=Linux/clang/Release, chainID=1, version=2.4.0, gitBranch=HEAD, gitCommit=0d94de1e0f2dc7ce7d226dbd68001a4b43029cf6, supportedVersion=2.4.0], content: {"id":1,"jsonrpc":"2.0","result":{"Build Time":"20200430 03:22:53","Build Type":"Linux/clang/Release","Chain Id":"1","FISCO-BCOS Version":"2.4.0","Git Branch":"HEAD","Git Commit Hash":"0d94de1e0f2dc7ce7d226dbd68001a4b43029cf6","Supported Version":"2.4.0"}}

2020-06-24 21:03:49,040 [nioEventLoopGroup-2-1] INFO  [org.fisco.bcos.channel.handler.ConnectionCallback] ConnectionCallback.java:267 -  support channel handshake node: Version [buildTime=20200430 03:22:53, buildType=Linux/clang/Release, chainID=1, version=2.4.0, gitBranch=HEAD, gitCommit=0d94de1e0f2dc7ce7d226dbd68001a4b43029cf6, supportedVersion=2.4.0], content: {"id":1,"jsonrpc":"2.0","result":{"Build Time":"20200430 03:22:53","Build Type":"Linux/clang/Release","Chain Id":"1","FISCO-BCOS Version":"2.4.0","Git Branch":"HEAD","Git Commit Hash":"0d94de1e0f2dc7ce7d226dbd68001a4b43029cf6","Supported Version":"2.4.0"}}

2020-06-24 21:03:49,053 [nioEventLoopGroup-2-2] INFO  [org.fisco.bcos.channel.handler.ConnectionCallback] ConnectionCallback.java:167 -  channel protocol handshake success, set socket channel protocol, host: 129.204.20.87:20203, channel protocol: ChannelProtocol [protocol=3, nodeVersion=2.4.0, EnumProtocol=VERSION_3]
2020-06-24 21:03:49,074 [nioEventLoopGroup-2-2] INFO  [org.fisco.bcos.channel.handler.ConnectionCallback] ConnectionCallback.java:338 -  send update topic message request, seq: 78eba7b86ca341749060adb5f1fd2ca7, content: ["_block_notify_1"]
2020-06-24 21:03:49,079 [nioEventLoopGroup-2-2] INFO  [org.fisco.bcos.channel.handler.ConnectionCallback] ConnectionCallback.java:370 -  query block number host: 129.204.20.87:20203, seq: 181ebf2613b6406a8b3a8f6f3e42066e, content: {"jsonrpc":"2.0","method":"getBlockNumber","params":[1],"id":2}
2020-06-24 21:03:49,083 [nioEventLoopGroup-2-1] INFO  [org.fisco.bcos.channel.handler.ConnectionCallback] ConnectionCallback.java:167 -  channel protocol handshake success, set socket channel protocol, host: 129.204.20.87:20202, channel protocol: ChannelProtocol [protocol=3, nodeVersion=2.4.0, EnumProtocol=VERSION_3]
2020-06-24 21:03:49,085 [nioEventLoopGroup-2-1] INFO  [org.fisco.bcos.channel.handler.ConnectionCallback] ConnectionCallback.java:338 -  send update topic message request, seq: a9bd74bdb8f04ead9ac960e0f98d0cf8, content: ["_block_notify_1"]
2020-06-24 21:03:49,087 [nioEventLoopGroup-2-1] INFO  [org.fisco.bcos.channel.handler.ConnectionCallback] ConnectionCallback.java:370 -  query block number host: 129.204.20.87:20202, seq: 3d8e89e7492142abb168e5c69fd9c10a, content: {"jsonrpc":"2.0","method":"getBlockNumber","params":[1],"id":3}
2020-06-24 21:03:49,112 [nioEventLoopGroup-2-2] INFO  [org.fisco.bcos.channel.handler.ConnectionCallback] ConnectionCallback.java:395 -  query blocknumer, host:129.204.20.87:20203, blockNumber: 2 
2020-06-24 21:03:49,162 [main] INFO  [org.fisco.bcos.channel.client.Service] Service.java:373 -  Connect to  nodes: [129.204.20.87:20202, 129.204.20.87:20203] ,groupId: 1 ,caCert: class path resource [ca.crt] ,sslKey: class path resource [sdk.key] ,sslCert: class path resource [sdk.crt] ,java version: 1.8.0_144 ,java vendor: Oracle Corporation
2020-06-24 21:03:49,202 [nioEventLoopGroup-2-1] INFO  [org.fisco.bcos.channel.handler.ConnectionCallback] ConnectionCallback.java:395 -  query blocknumer, host:129.204.20.87:20202, blockNumber: 2 
2020-06-24 21:03:49,820 [main] INFO  [org.fisco.bcos.autoconfigure.AccountConfig] AccountConfig.java:62 - pem accounts : 0xa7193b772501066c8a809d8903ce2e0af5d7a9e4.pem
2020-06-24 21:03:52,686 [main] INFO  [org.fisco.bcos.web3j.utils.Async] Async.java:19 -  default set setExeutor , pool size is 50
2020-06-24 21:03:52,688 [main] INFO  [org.fisco.bcos.web3j.utils.Async] Async.java:81 -  set setExeutor because executor null, executor is java.util.concurrent.ThreadPoolExecutor@4e14d520[Running, pool size = 0, active threads = 0, queued tasks = 0, completed tasks = 0]
2020-06-24 21:03:52,934 [nioEventLoopGroup-2-1] INFO  [org.fisco.bcos.channel.client.Service] Service.java:1388 - Receive block notify: {"blockNumber":3,"groupID":1}

2020-06-24 21:03:52,984 [nioEventLoopGroup-2-2] INFO  [org.fisco.bcos.channel.client.Service] Service.java:1388 - Receive block notify: {"blockNumber":3,"groupID":1}

2020-06-24 21:03:57,031 [main] INFO  [o.s.scheduling.concurrent.ThreadPoolTaskExecutor] ExecutorConfigurationSupport.java:171 - Initializing ExecutorService 'applicationTaskExecutor'
2020-06-24 21:04:00,586 [main] WARN  [o.s.b.a.g.template.GroovyTemplateAutoConfiguration] GroovyTemplateAutoConfiguration.java:93 - Cannot find template location: classpath:/templates/ (please add some templates, check your Groovy configuration, or set spring.groovy.template.check-template-location=false)
2020-06-24 21:04:02,945 [main] INFO  [o.s.b.actuate.endpoint.web.EndpointLinksResolver] EndpointLinksResolver.java:59 - Exposing 2 endpoint(s) beneath base path '/actuator'
2020-06-24 21:04:04,164 [main] INFO  [org.apache.coyote.http11.Http11NioProtocol] DirectJDKLog.java:173 - Starting ProtocolHandler ["http-nio-9000"]
2020-06-24 21:04:04,766 [main] INFO  [o.s.boot.web.embedded.tomcat.TomcatWebServer] TomcatWebServer.java:204 - Tomcat started on port(s): 9000 (http) with context path ''
2020-06-24 21:04:04,804 [main] INFO  [org.fisco.bcos.Application] StartupInfoLogger.java:59 - Started Application in 37.691 seconds (JVM running for 44.627)
2020-06-24 21:05:18,352 [http-nio-9000-exec-1] INFO  [o.a.c.core.ContainerBase.[Tomcat].[localhost].[/]] DirectJDKLog.java:173 - Initializing Spring DispatcherServlet 'dispatcherServlet'
2020-06-24 21:05:18,354 [http-nio-9000-exec-1] INFO  [org.springframework.web.servlet.DispatcherServlet] FrameworkServlet.java:524 - Initializing Servlet 'dispatcherServlet'
2020-06-24 21:05:18,445 [http-nio-9000-exec-1] INFO  [org.springframework.web.servlet.DispatcherServlet] FrameworkServlet.java:546 - Completed initialization in 85 ms
2020-06-24 21:05:35,001 [http-nio-9000-exec-2] INFO  [com.zaxxer.hikari.HikariDataSource] HikariDataSource.java:110 - HikariPool-1 - Starting...
2020-06-24 21:05:35,018 [http-nio-9000-exec-2] WARN  [com.zaxxer.hikari.util.DriverDataSource] DriverDataSource.java:68 - Registered driver with driverClassName=com.mysql.jdbc.Driver was not found, trying direct instantiation.
2020-06-24 21:05:35,712 [http-nio-9000-exec-2] INFO  [com.zaxxer.hikari.HikariDataSource] HikariDataSource.java:123 - HikariPool-1 - Start completed.
2020-06-24 21:05:36,124 [nioEventLoopGroup-2-2] INFO  [org.fisco.bcos.channel.client.Service] Service.java:1388 - Receive block notify: {"blockNumber":4,"groupID":1}

2020-06-24 21:05:36,154 [nioEventLoopGroup-2-1] INFO  [org.fisco.bcos.channel.client.Service] Service.java:1388 - Receive block notify: {"blockNumber":4,"groupID":1}

2020-06-24 21:28:07,299 [main] INFO  [org.fisco.bcos.Application] StartupInfoLogger.java:50 - Starting Application on DESKTOP-RI4L4M0 with PID 16588 (started by pig-cabbage in C:\Users\pig-cabbage\Desktop\fisco-bcos\fisco-bcos\后端\spring-boot-starter-business)
2020-06-24 21:28:07,310 [main] INFO  [org.fisco.bcos.Application] SpringApplication.java:675 - No active profile set, falling back to default profiles: default
2020-06-24 21:28:16,973 [main] INFO  [o.s.c.s.PostProcessorRegistrationDelegate$BeanPostProcessorChecker] PostProcessorRegistrationDelegate.java:330 - Bean 'org.springframework.transaction.annotation.ProxyTransactionManagementConfiguration' of type [org.springframework.transaction.annotation.ProxyTransactionManagementConfiguration$$EnhancerBySpringCGLIB$$5f5fb28a] is not eligible for getting processed by all BeanPostProcessors (for example: not eligible for auto-proxying)
2020-06-24 21:28:18,998 [main] INFO  [o.s.boot.web.embedded.tomcat.TomcatWebServer] TomcatWebServer.java:90 - Tomcat initialized with port(s): 9000 (http)
2020-06-24 21:28:19,050 [main] INFO  [org.apache.coyote.http11.Http11NioProtocol] DirectJDKLog.java:173 - Initializing ProtocolHandler ["http-nio-9000"]
2020-06-24 21:28:19,106 [main] INFO  [org.apache.catalina.core.StandardService] DirectJDKLog.java:173 - Starting service [Tomcat]
2020-06-24 21:28:19,107 [main] INFO  [org.apache.catalina.core.StandardEngine] DirectJDKLog.java:173 - Starting Servlet engine: [Apache Tomcat/9.0.17]
2020-06-24 21:28:19,140 [main] INFO  [org.apache.catalina.core.AprLifecycleListener] DirectJDKLog.java:173 - Loaded APR based Apache Tomcat Native library [1.2.23] using APR version [1.7.0].
2020-06-24 21:28:19,142 [main] INFO  [org.apache.catalina.core.AprLifecycleListener] DirectJDKLog.java:173 - APR capabilities: IPv6 [true], sendfile [true], accept filters [false], random [true].
2020-06-24 21:28:19,142 [main] INFO  [org.apache.catalina.core.AprLifecycleListener] DirectJDKLog.java:173 - APR/OpenSSL configuration: useAprConnector [false], useOpenSSL [true]
2020-06-24 21:28:19,156 [main] INFO  [org.apache.catalina.core.AprLifecycleListener] DirectJDKLog.java:173 - OpenSSL successfully initialized [OpenSSL 1.1.1c  28 May 2019]
2020-06-24 21:28:20,083 [main] INFO  [o.a.c.core.ContainerBase.[Tomcat].[localhost].[/]] DirectJDKLog.java:173 - Initializing Spring embedded WebApplicationContext
2020-06-24 21:28:20,087 [main] INFO  [org.springframework.web.context.ContextLoader] ServletWebServerApplicationContext.java:296 - Root WebApplicationContext: initialization completed in 12570 ms
2020-06-24 21:28:24,999 [main] INFO  [org.fisco.bcos.autoconfigure.ServiceConfig] ServiceConfig.java:25 - agencyName : bussiness
2020-06-24 21:28:25,129 [main] INFO  [org.fisco.bcos.channel.client.Service] Service.java:296 - set jdk.tls.namedGroups opt, value : secp256k1
2020-06-24 21:28:26,601 [main] INFO  [org.fisco.bcos.channel.handler.ChannelConnections] ChannelConnections.java:450 -  all connections: [ConnectionInfo{host='129.204.20.87', port=20202}, ConnectionInfo{host='129.204.20.87', port=20203}]
2020-06-24 21:28:30,662 [nioEventLoopGroup-2-1] INFO  [org.fisco.bcos.channel.handler.ChannelHandler] ChannelHandler.java:45 -  handshake success, host: 129.204.20.87, port: 20202, ctx: 1143071388
2020-06-24 21:28:30,663 [nioEventLoopGroup-2-2] INFO  [org.fisco.bcos.channel.handler.ChannelHandler] ChannelHandler.java:45 -  handshake success, host: 129.204.20.87, port: 20203, ctx: 1867381968
2020-06-24 21:28:30,666 [nioEventLoopGroup-2-1] INFO  [org.fisco.bcos.channel.handler.ConnectionCallback] ConnectionCallback.java:91 -  connect 129.204.20.87:20202 success, ctx: 1143071388
2020-06-24 21:28:30,666 [nioEventLoopGroup-2-2] INFO  [org.fisco.bcos.channel.handler.ConnectionCallback] ConnectionCallback.java:91 -  connect 129.204.20.87:20203 success, ctx: 1867381968
2020-06-24 21:28:30,783 [nioEventLoopGroup-2-1] INFO  [org.fisco.bcos.channel.handler.ConnectionCallback] ConnectionCallback.java:207 -  query node version host: 129.204.20.87:20202, seq: 97f2e7a451854dc1b92a38e065352906, content: {"jsonrpc":"2.0","method":"getClientVersion","params":[],"id":1}
2020-06-24 21:28:30,783 [nioEventLoopGroup-2-2] INFO  [org.fisco.bcos.channel.handler.ConnectionCallback] ConnectionCallback.java:207 -  query node version host: 129.204.20.87:20203, seq: 308bb1b331f14b898356baaa0600f64e, content: {"jsonrpc":"2.0","method":"getClientVersion","params":[],"id":0}
2020-06-24 21:28:30,897 [nioEventLoopGroup-2-1] INFO  [org.fisco.bcos.channel.handler.ConnectionCallback] ConnectionCallback.java:258 -  node: Version [buildTime=20200430 03:22:53, buildType=Linux/clang/Release, chainID=1, version=2.4.0, gitBranch=HEAD, gitCommit=0d94de1e0f2dc7ce7d226dbd68001a4b43029cf6, supportedVersion=2.4.0], content: {"id":1,"jsonrpc":"2.0","result":{"Build Time":"20200430 03:22:53","Build Type":"Linux/clang/Release","Chain Id":"1","FISCO-BCOS Version":"2.4.0","Git Branch":"HEAD","Git Commit Hash":"0d94de1e0f2dc7ce7d226dbd68001a4b43029cf6","Supported Version":"2.4.0"}}

2020-06-24 21:28:30,897 [nioEventLoopGroup-2-2] INFO  [org.fisco.bcos.channel.handler.ConnectionCallback] ConnectionCallback.java:258 -  node: Version [buildTime=20200430 03:22:53, buildType=Linux/clang/Release, chainID=1, version=2.4.0, gitBranch=HEAD, gitCommit=0d94de1e0f2dc7ce7d226dbd68001a4b43029cf6, supportedVersion=2.4.0], content: {"id":0,"jsonrpc":"2.0","result":{"Build Time":"20200430 03:22:53","Build Type":"Linux/clang/Release","Chain Id":"1","FISCO-BCOS Version":"2.4.0","Git Branch":"HEAD","Git Commit Hash":"0d94de1e0f2dc7ce7d226dbd68001a4b43029cf6","Supported Version":"2.4.0"}}

2020-06-24 21:28:30,899 [nioEventLoopGroup-2-1] INFO  [org.fisco.bcos.channel.handler.ConnectionCallback] ConnectionCallback.java:267 -  support channel handshake node: Version [buildTime=20200430 03:22:53, buildType=Linux/clang/Release, chainID=1, version=2.4.0, gitBranch=HEAD, gitCommit=0d94de1e0f2dc7ce7d226dbd68001a4b43029cf6, supportedVersion=2.4.0], content: {"id":1,"jsonrpc":"2.0","result":{"Build Time":"20200430 03:22:53","Build Type":"Linux/clang/Release","Chain Id":"1","FISCO-BCOS Version":"2.4.0","Git Branch":"HEAD","Git Commit Hash":"0d94de1e0f2dc7ce7d226dbd68001a4b43029cf6","Supported Version":"2.4.0"}}

2020-06-24 21:28:30,899 [nioEventLoopGroup-2-2] INFO  [org.fisco.bcos.channel.handler.ConnectionCallback] ConnectionCallback.java:267 -  support channel handshake node: Version [buildTime=20200430 03:22:53, buildType=Linux/clang/Release, chainID=1, version=2.4.0, gitBranch=HEAD, gitCommit=0d94de1e0f2dc7ce7d226dbd68001a4b43029cf6, supportedVersion=2.4.0], content: {"id":0,"jsonrpc":"2.0","result":{"Build Time":"20200430 03:22:53","Build Type":"Linux/clang/Release","Chain Id":"1","FISCO-BCOS Version":"2.4.0","Git Branch":"HEAD","Git Commit Hash":"0d94de1e0f2dc7ce7d226dbd68001a4b43029cf6","Supported Version":"2.4.0"}}

2020-06-24 21:28:30,932 [nioEventLoopGroup-2-1] INFO  [org.fisco.bcos.channel.handler.ConnectionCallback] ConnectionCallback.java:167 -  channel protocol handshake success, set socket channel protocol, host: 129.204.20.87:20202, channel protocol: ChannelProtocol [protocol=3, nodeVersion=2.4.0, EnumProtocol=VERSION_3]
2020-06-24 21:28:30,935 [nioEventLoopGroup-2-2] INFO  [org.fisco.bcos.channel.handler.ConnectionCallback] ConnectionCallback.java:167 -  channel protocol handshake success, set socket channel protocol, host: 129.204.20.87:20203, channel protocol: ChannelProtocol [protocol=3, nodeVersion=2.4.0, EnumProtocol=VERSION_3]
2020-06-24 21:28:30,938 [main] INFO  [org.fisco.bcos.channel.client.Service] Service.java:373 -  Connect to  nodes: [129.204.20.87:20202, 129.204.20.87:20203] ,groupId: 1 ,caCert: class path resource [ca.crt] ,sslKey: class path resource [sdk.key] ,sslCert: class path resource [sdk.crt] ,java version: 1.8.0_144 ,java vendor: Oracle Corporation
2020-06-24 21:28:30,949 [nioEventLoopGroup-2-2] INFO  [org.fisco.bcos.channel.handler.ConnectionCallback] ConnectionCallback.java:338 -  send update topic message request, seq: b34419f942f046f28cd957924f953566, content: ["_block_notify_1"]
2020-06-24 21:28:30,949 [nioEventLoopGroup-2-1] INFO  [org.fisco.bcos.channel.handler.ConnectionCallback] ConnectionCallback.java:338 -  send update topic message request, seq: 259ec19e086c492b908142a7d4126e22, content: ["_block_notify_1"]
2020-06-24 21:28:30,955 [nioEventLoopGroup-2-1] INFO  [org.fisco.bcos.channel.handler.ConnectionCallback] ConnectionCallback.java:370 -  query block number host: 129.204.20.87:20202, seq: c64ce32ed80b4fa9b82c5124f7c052ae, content: {"jsonrpc":"2.0","method":"getBlockNumber","params":[1],"id":3}
2020-06-24 21:28:30,959 [nioEventLoopGroup-2-2] INFO  [org.fisco.bcos.channel.handler.ConnectionCallback] ConnectionCallback.java:370 -  query block number host: 129.204.20.87:20203, seq: 6bc9c8aea51940208ce0f4eb7826ff23, content: {"jsonrpc":"2.0","method":"getBlockNumber","params":[1],"id":2}
2020-06-24 21:28:31,010 [nioEventLoopGroup-2-1] INFO  [org.fisco.bcos.channel.handler.ConnectionCallback] ConnectionCallback.java:395 -  query blocknumer, host:129.204.20.87:20202, blockNumber: 4 
2020-06-24 21:28:31,010 [nioEventLoopGroup-2-2] INFO  [org.fisco.bcos.channel.handler.ConnectionCallback] ConnectionCallback.java:395 -  query blocknumer, host:129.204.20.87:20203, blockNumber: 4 
2020-06-24 21:28:31,563 [main] INFO  [org.fisco.bcos.autoconfigure.AccountConfig] AccountConfig.java:62 - pem accounts : 0xa7193b772501066c8a809d8903ce2e0af5d7a9e4.pem
2020-06-24 21:28:34,330 [main] INFO  [org.fisco.bcos.web3j.utils.Async] Async.java:19 -  default set setExeutor , pool size is 50
2020-06-24 21:28:34,337 [main] INFO  [org.fisco.bcos.web3j.utils.Async] Async.java:81 -  set setExeutor because executor null, executor is java.util.concurrent.ThreadPoolExecutor@33e4068[Running, pool size = 0, active threads = 0, queued tasks = 0, completed tasks = 0]
2020-06-24 21:28:34,648 [nioEventLoopGroup-2-1] INFO  [org.fisco.bcos.channel.client.Service] Service.java:1388 - Receive block notify: {"blockNumber":5,"groupID":1}

2020-06-24 21:28:34,653 [nioEventLoopGroup-2-2] INFO  [org.fisco.bcos.channel.client.Service] Service.java:1388 - Receive block notify: {"blockNumber":5,"groupID":1}

2020-06-24 21:28:36,673 [main] INFO  [o.s.scheduling.concurrent.ThreadPoolTaskExecutor] ExecutorConfigurationSupport.java:171 - Initializing ExecutorService 'applicationTaskExecutor'
2020-06-24 21:28:39,281 [main] WARN  [o.s.b.a.g.template.GroovyTemplateAutoConfiguration] GroovyTemplateAutoConfiguration.java:93 - Cannot find template location: classpath:/templates/ (please add some templates, check your Groovy configuration, or set spring.groovy.template.check-template-location=false)
2020-06-24 21:28:40,833 [main] INFO  [o.s.b.actuate.endpoint.web.EndpointLinksResolver] EndpointLinksResolver.java:59 - Exposing 2 endpoint(s) beneath base path '/actuator'
2020-06-24 21:28:41,268 [main] INFO  [org.apache.coyote.http11.Http11NioProtocol] DirectJDKLog.java:173 - Starting ProtocolHandler ["http-nio-9000"]
2020-06-24 21:28:41,967 [main] INFO  [o.s.boot.web.embedded.tomcat.TomcatWebServer] TomcatWebServer.java:204 - Tomcat started on port(s): 9000 (http) with context path ''
2020-06-24 21:28:42,115 [main] INFO  [org.fisco.bcos.Application] StartupInfoLogger.java:59 - Started Application in 38.526 seconds (JVM running for 46.649)
